<?xml version="1.0" encoding="UTF-8"?>
<!-- Generated by org.testng.reporters.JUnitReportReporter -->
<testsuite hostname="Reshmas-MBP" failures="0" tests="2" name="testClasses.FindPatientTestClass" time="109.851" errors="0" timestamp="2024-07-29T20:54:01 GST" skipped="0">
  <testcase classname="testClasses.FindPatientTestClass" name="verifySearchingPatientRecord" time="83.059"/>
  <system-out/>
  <testcase classname="testClasses.FindPatientTestClass" name="verifyDeletingPatient" time="26.792"/>
  <system-out/>
</testsuite> <!-- testClasses.FindPatientTestClass -->
