<?xml version="1.0" encoding="UTF-8"?>
<!-- Generated by org.testng.reporters.JUnitReportReporter -->
<testsuite hostname="Reshmas-MBP" failures="0" tests="6" name="testClasses.LoginPageTestClass" time="99.046" errors="0" timestamp="2024-07-31T14:23:26 GST" skipped="0">
  <testcase classname="testClasses.LoginPageTestClass" name="verifyIfLogoIsDiplayed" time="13.273"/>
  <system-out/>
  <testcase classname="testClasses.LoginPageTestClass" name="verifyUnsucessfulLogin" time="17.439"/>
  <system-out/>
  <testcase classname="testClasses.LoginPageTestClass" name="verifyUnsucessfulLogin" time="16.380"/>
  <system-out/>
  <testcase classname="testClasses.LoginPageTestClass" name="verifyUnsucessfulLogin" time="17.606"/>
  <system-out/>
  <testcase classname="testClasses.LoginPageTestClass" name="verifyCannotLoginOption" time="14.658"/>
  <system-out/>
  <testcase classname="testClasses.LoginPageTestClass" name="verifySucessfulLogin" time="19.690"/>
  <system-out/>
</testsuite> <!-- testClasses.LoginPageTestClass -->
