<?xml version="1.0" encoding="UTF-8"?>
<!-- Generated by org.testng.reporters.JUnitReportReporter -->
<testsuite hostname="Reshmas-MBP" failures="0" tests="1" name="testClasses.RegisterAPatientTestClass" time="57.528" errors="0" timestamp="2024-07-31T14:32:09 GST" skipped="0">
  <testcase classname="testClasses.RegisterAPatientTestClass" name="verifyPatientRegistration" time="57.528"/>
  <system-out/>
</testsuite> <!-- testClasses.RegisterAPatientTestClass -->
