<?xml version="1.0" encoding="UTF-8"?>
<!-- Generated by org.testng.reporters.JUnitReportReporter -->
<testsuite hostname="Reshmas-MBP" failures="0" tests="1" name="testClasses.RegisterAPatientTestClass" time="90.855" errors="0" timestamp="2024-07-29T19:43:46 GST" skipped="0">
  <testcase classname="testClasses.RegisterAPatientTestClass" name="verifyPatientRegistration" time="90.855"/>
  <system-out/>
</testsuite> <!-- testClasses.RegisterAPatientTestClass -->
