<?xml version="1.0" encoding="UTF-8"?>
<!-- Generated by org.testng.reporters.JUnitReportReporter -->
<testsuite hostname="Reshmas-MBP" failures="0" tests="6" name="testClasses.LoginPageTestClass" time="267.964" errors="0" timestamp="2024-08-01T22:35:13 GST" skipped="0">
  <testcase classname="testClasses.LoginPageTestClass" name="verifyIfLogoIsDiplayed" time="23.015"/>
  <system-out/>
  <testcase classname="testClasses.LoginPageTestClass" name="verifyUnsucessfulLogin" time="49.831"/>
  <system-out/>
  <testcase classname="testClasses.LoginPageTestClass" name="verifyUnsucessfulLogin" time="24.052"/>
  <system-out/>
  <testcase classname="testClasses.LoginPageTestClass" name="verifyUnsucessfulLogin" time="59.456"/>
  <system-out/>
  <testcase classname="testClasses.LoginPageTestClass" name="verifyCannotLoginOption" time="63.656"/>
  <system-out/>
  <testcase classname="testClasses.LoginPageTestClass" name="verifySucessfulLogin" time="47.954"/>
  <system-out/>
</testsuite> <!-- testClasses.LoginPageTestClass -->
