<?xml version="1.0" encoding="UTF-8"?>
<!-- Generated by org.testng.reporters.JUnitReportReporter -->
<testsuite hostname="Reshmas-MBP" failures="0" tests="1" name="testClasses.HomePageTestClass" time="60.583" errors="0" timestamp="2024-08-01T22:35:13 GST" skipped="0">
  <testcase classname="testClasses.HomePageTestClass" name="verifyLogoOutIsSucessful" time="60.583"/>
  <system-out/>
</testsuite> <!-- testClasses.HomePageTestClass -->
