<?xml version="1.0" encoding="UTF-8"?>
<!-- Generated by org.testng.reporters.JUnitReportReporter -->
<testsuite hostname="Reshmas-MBP" failures="0" tests="6" name="testClasses.LoginPageTestClass" time="74.387" errors="0" timestamp="2024-07-29T19:21:00 GST" skipped="0">
  <testcase classname="testClasses.LoginPageTestClass" name="verifyIfLogoIsDiplayed" time="10.539"/>
  <system-out/>
  <testcase classname="testClasses.LoginPageTestClass" name="verifyUnsucessfulLogin" time="12.456"/>
  <system-out/>
  <testcase classname="testClasses.LoginPageTestClass" name="verifyUnsucessfulLogin" time="13.069"/>
  <system-out/>
  <testcase classname="testClasses.LoginPageTestClass" name="verifyUnsucessfulLogin" time="12.514"/>
  <system-out/>
  <testcase classname="testClasses.LoginPageTestClass" name="verifyCannotLoginOption" time="13.018"/>
  <system-out/>
  <testcase classname="testClasses.LoginPageTestClass" name="verifySucessfulLogin" time="12.791"/>
  <system-out/>
</testsuite> <!-- testClasses.LoginPageTestClass -->
