<?xml version="1.0" encoding="UTF-8"?>
<!-- Generated by org.testng.reporters.JUnitReportReporter -->
<testsuite hostname="Reshmas-MBP" failures="0" tests="3" name="testClasses.AppointmentSchedulingTestClass" time="176.751" errors="0" timestamp="2024-07-29T20:58:50 GST" skipped="0">
  <testcase classname="testClasses.AppointmentSchedulingTestClass" name="verifyAddingNewService" time="94.929"/>
  <system-out/>
  <testcase classname="testClasses.AppointmentSchedulingTestClass" name="verifyEditService" time="38.849"/>
  <system-out/>
  <testcase classname="testClasses.AppointmentSchedulingTestClass" name="deleteService" time="42.973"/>
  <system-out/>
</testsuite> <!-- testClasses.AppointmentSchedulingTestClass -->
