<?xml version="1.0" encoding="UTF-8"?>
<!-- Generated by org.testng.reporters.JUnitReportReporter -->
<testsuite hostname="Reshmas-MBP" failures="0" tests="1" name="testClasses.HomePageTestClass" time="19.136" errors="0" timestamp="2024-07-29T19:21:41 GST" skipped="0">
  <testcase classname="testClasses.HomePageTestClass" name="verifyLogoOutIsSucessful" time="19.136"/>
  <system-out/>
</testsuite> <!-- testClasses.HomePageTestClass -->
