<?xml version="1.0" encoding="UTF-8"?>
<!-- Generated by org.testng.reporters.JUnitReportReporter -->
<testsuite hostname="Reshmas-MBP" failures="0" tests="3" name="testClasses.AppointmentSchedulingTestClass" time="91.000" errors="0" timestamp="2024-07-31T17:53:47 GST" skipped="0">
  <testcase classname="testClasses.AppointmentSchedulingTestClass" name="verifyAddingNewService" time="33.556"/>
  <system-out/>
  <testcase classname="testClasses.AppointmentSchedulingTestClass" name="verifyEditService" time="29.646"/>
  <system-out/>
  <testcase classname="testClasses.AppointmentSchedulingTestClass" name="deleteService" time="27.798"/>
  <system-out/>
</testsuite> <!-- testClasses.AppointmentSchedulingTestClass -->
