<?xml version="1.0" encoding="UTF-8"?>
<!-- Generated by org.testng.reporters.JUnitReportReporter -->
<testsuite hostname="Reshmas-MBP" failures="0" tests="1" name="testClasses.CaptureVitalsTestClass" time="34.953" errors="0" timestamp="2024-07-29T21:45:55 GST" skipped="0">
  <testcase classname="testClasses.CaptureVitalsTestClass" name="verifyPatientVitalsAreCaptured" time="34.953"/>
  <system-out/>
</testsuite> <!-- testClasses.CaptureVitalsTestClass -->
