<?xml version="1.0" encoding="UTF-8"?>
<!-- Generated by org.testng.reporters.JUnitReportReporter -->
<testsuite hostname="Reshmas-MBP" failures="0" tests="3" name="testClasses.FindPatientTestClass" time="68.289" errors="0" timestamp="2024-07-31T17:50:07 GST" skipped="2">
  <testcase classname="testClasses.FindPatientTestClass" name="verifyIfPatientEditisWorking" time="68.289"/>
  <system-out/>
  <testcase classname="testClasses.FindPatientTestClass" name="verifySearchingPatientRecord">
    <skipped/>
  </testcase> <!-- verifySearchingPatientRecord -->
  <system-out/>
  <testcase classname="testClasses.FindPatientTestClass" name="verifyDeletingPatient">
    <skipped/>
  </testcase> <!-- verifyDeletingPatient -->
  <system-out/>
</testsuite> <!-- testClasses.FindPatientTestClass -->
